<?xml version="1.0" encoding="UTF-8"?>
<testng-results skipped="0" failed="0" ignored="0" total="3" passed="3">
  <reporter-output>
  </reporter-output>
  <suite name="Automation Test" duration-ms="39749" started-at="2018-03-25T04:21:55Z" finished-at="2018-03-25T04:22:35Z">
    <groups>
    </groups>
    <test name="Smoke Testcases" duration-ms="39749" started-at="2018-03-25T04:21:55Z" finished-at="2018-03-25T04:22:35Z">
      <class name="Test1.TestCase33">
        <test-method status="PASS" signature="LandingPage()[pri:0, instance:Test1.TestCase33@2eae8e6e]" name="LandingPage" duration-ms="13370" started-at="2018-03-25T04:21:55Z" finished-at="2018-03-25T04:22:09Z">
          <reporter-output>
          </reporter-output>
        </test-method> <!-- LandingPage -->
        <test-method status="PASS" signature="LandingPage2()[pri:0, instance:Test1.TestCase33@2eae8e6e]" name="LandingPage2" duration-ms="8973" started-at="2018-03-25T04:22:09Z" finished-at="2018-03-25T04:22:18Z">
          <reporter-output>
          </reporter-output>
        </test-method> <!-- LandingPage2 -->
        <test-method status="PASS" signature="xyz1()[pri:0, instance:Test1.TestCase33@2eae8e6e]" name="xyz1" duration-ms="17364" started-at="2018-03-25T04:22:18Z" depends-on-methods="Test1.TestCase11.LandingPage" finished-at="2018-03-25T04:22:35Z">
          <reporter-output>
          </reporter-output>
        </test-method> <!-- xyz1 -->
      </class> <!-- Test1.TestCase33 -->
    </test> <!-- Smoke Testcases -->
  </suite> <!-- Automation Test -->
</testng-results>
