<?xml version="1.0" encoding="UTF-8"?>
<testng-results skipped="0" failed="0" ignored="0" total="2" passed="2">
  <reporter-output>
  </reporter-output>
  <suite name="Default suite" duration-ms="20636" started-at="2018-03-25T04:29:56Z" finished-at="2018-03-25T04:30:16Z">
    <groups>
    </groups>
    <test name="Default test" duration-ms="20636" started-at="2018-03-25T04:29:56Z" finished-at="2018-03-25T04:30:16Z">
      <class name="Test1.TestCase11">
        <test-method status="PASS" signature="LandingPage()[pri:0, instance:Test1.TestCase11@63753b6d]" name="LandingPage" duration-ms="13495" started-at="2018-03-25T14:29:56Z" finished-at="2018-03-25T14:30:09Z">
          <reporter-output>
          </reporter-output>
        </test-method> <!-- LandingPage -->
        <test-method status="PASS" signature="xyz1()[pri:0, instance:Test1.TestCase11@63753b6d]" name="xyz1" duration-ms="7117" started-at="2018-03-25T14:30:09Z" depends-on-methods="Test1.TestCase11.LandingPage" finished-at="2018-03-25T14:30:16Z">
          <reporter-output>
          </reporter-output>
        </test-method> <!-- xyz1 -->
      </class> <!-- Test1.TestCase11 -->
    </test> <!-- Default test -->
  </suite> <!-- Default suite -->
</testng-results>
